<?xml version="1.0" encoding="UTF-8"?>
<testsuite xmlns:xsi="http://www.w3.org/2001/XMLSchema-instance" xsi:noNamespaceSchemaLocation="https://maven.apache.org/surefire/maven-surefire-plugin/xsd/surefire-test-report-3.0.xsd" version="3.0" name="AuthenticatedPerfectLinkTest" time="7.2" tests="1" errors="0" skipped="0" failures="0">
  <properties>
[...]
</properties>
  <testcase name="testAuthenticatedPerfectLink" classname="AuthenticatedPerfectLinkTest" time="7.197">
    <system-out><![CDATA[[Receiver] Waiting for message...
[Receiver] Waiting for packet...
[Sender] Sending message: Hello, this is a secure message!
[Sender] Preparing message: Hello, this is a secure message!
[Sender] Signing message...
[Sender] Sending message to 127.0.1.1:6000
[Sender] Waiting for ACK...
[Sender] Waiting for ACK with timeout 8000ms...
[Receiver] Received packet from 127.0.0.1:5000
[Receiver] Verifying signature...
[Receiver] Signature verified.
[Receiver] Checking for duplicate message...
[Receiver] Message is not duplicated.
[Receiver] Sending ACK...
[Receiver] Sending ACK to 127.0.0.1:5000
[Receiver] Processing message: Hello, this is a secure message!
[Sender] ACK received.
[Sender] Received ACK from 127.0.0.1:6000
[Receiver] Received message: Hello, this is a secure message!
[Sender] Message sent successfully.
[Receiver-Duplicate] Exception: Duplicate message
[Receiver-Duplicate] Closing sender's socket to stop further sends.

=== Testing Duplicate Message Detection ===
[Receiver-Duplicate] Waiting for duplicate message...
[Receiver] Waiting for packet...
[Sender] Sender socket is closed, not sending message again.
[Receiver-Duplicate] Exception: Socket closed
]]></system-out>
  </testcase>
</testsuite>