<?xml version="1.0" encoding="UTF-8"?>
<testsuite xmlns:xsi="http://www.w3.org/2001/XMLSchema-instance" xsi:noNamespaceSchemaLocation="https://maven.apache.org/surefire/maven-surefire-plugin/xsd/surefire-test-report-3.0.xsd" version="3.0" name="ConditionalCollectTest" time="0.319" tests="4" errors="0" skipped="0" failures="0">
  <properties>
[...]
</properties>
  <testcase name="testCollectInvalidSignature" classname="ConditionalCollectTest" time="0.055">
    <system-err><![CDATA[Exception in thread "Thread-4" org.opentest4j.AssertionFailedError: expected: <true> but was: <false>
	at org.junit.jupiter.api.AssertionFailureBuilder.build(AssertionFailureBuilder.java:151)
	at org.junit.jupiter.api.AssertionFailureBuilder.buildAndThrow(AssertionFailureBuilder.java:132)
	at org.junit.jupiter.api.AssertTrue.failNotTrue(AssertTrue.java:63)
	at org.junit.jupiter.api.AssertTrue.assertTrue(AssertTrue.java:36)
	at org.junit.jupiter.api.AssertTrue.assertTrue(AssertTrue.java:31)
	at org.junit.jupiter.api.Assertions.assertTrue(Assertions.java:179)
	at AuthenticatedPerfectLinkTest.lambda$1(AuthenticatedPerfectLinkTest.java:103)
	at java.base/java.lang.Thread.run(Thread.java:840)
]]></system-err>
  </testcase>
  <testcase name="testUnknownServer" classname="ConditionalCollectTest" time="0.041"/>
  <testcase name="testClearCondition" classname="ConditionalCollectTest" time="0.153">
    <system-out><![CDATA[[Collector] Message collected for condition: conditionD
]]></system-out>
  </testcase>
  <testcase name="testCollectValidMessage" classname="ConditionalCollectTest" time="0.063">
    <system-out><![CDATA[[Collector] Message collected for condition: conditionA
[Collector] Message collected for condition: conditionA
]]></system-out>
  </testcase>
</testsuite>