<?xml version="1.0" encoding="UTF-8"?>
<testsuite xmlns:xsi="http://www.w3.org/2001/XMLSchema-instance" xsi:noNamespaceSchemaLocation="https://maven.apache.org/surefire/maven-surefire-plugin/xsd/surefire-test-report-3.0.xsd" version="3.0" name="BFTTest" time="2.472" tests="1" errors="0" skipped="0" failures="0">
  <properties>
[...]
</properties>
  <testcase name="testBFTProtocol" classname="BFTTest" time="2.453">
    <system-out><![CDATA[[BFT Leader] Initialized.
[BFT Server] server0 initialized.
Leader1 started.
[Receiver] Waiting for packet...
[server0] started.
[Receiver] Waiting for packet...
[Client] Sending message: TestMessage
[Sender] Preparing message: TestMessage
[Sender] Signing message...
[Sender] Sending message to 127.0.1.1:7001
[Sender] Waiting for ACK...
[Sender] Waiting for ACK with timeout 8000ms...
[Receiver] Received packet from 127.0.0.1:47833
[Receiver] Verifying signature...
[Receiver] Signature verified.
[Receiver] Checking for duplicate message...
[Receiver] Message is not duplicated.
[Receiver] Sending ACK...
[Receiver] Sending ACK to 127.0.0.1:47833
[Sender] ACK received.
[Receiver] Processing message: TestMessage
[Sender] Received ACK from 127.0.0.1:7001
[Sender] Message sent successfully.
[server0] Received client message: TestMessage
[server0] Forwarding message to leader: TestMessage::jSyjvjCXifDW/yMWXGbOGVMKu7/ZVAugHDSoHkZQLABzeIV1GvIb5EELtA2Hnubhw8KQn2dBmC20iShPKjpwQKplSm9Q5JvHyw37kvIQmgu0XRO0rMNIpFcKeGIpkKI3e3xbZQ65rUZLRyTmjsVS09mfRTLkLe9ZR+rpj4CiqKxpg5eWltnkCwfviJZF5+67F4lDI3+dVTHLFjMoEKlpQnyIojQDRighHpBk6l+c5mZPDQ7kqwh0lsIFbzD+kzjsRO79cVodF2EZ8cBK/0EpG4/iFfnZgxkM8F41mpTZ2ya2YYmjpJTkuk89Oj1I6NVO65Nf62UKcztbzzL3QFsz9A==
[Sender] Preparing message: TestMessage::jSyjvjCXifDW/yMWXGbOGVMKu7/ZVAugHDSoHkZQLABzeIV1GvIb5EELtA2Hnubhw8KQn2dBmC20iShPKjpwQKplSm9Q5JvHyw37kvIQmgu0XRO0rMNIpFcKeGIpkKI3e3xbZQ65rUZLRyTmjsVS09mfRTLkLe9ZR+rpj4CiqKxpg5eWltnkCwfviJZF5+67F4lDI3+dVTHLFjMoEKlpQnyIojQDRighHpBk6l+c5mZPDQ7kqwh0lsIFbzD+kzjsRO79cVodF2EZ8cBK/0EpG4/iFfnZgxkM8F41mpTZ2ya2YYmjpJTkuk89Oj1I6NVO65Nf62UKcztbzzL3QFsz9A==
[Sender] Signing message...
[Sender] Sending message to 127.0.0.1:8000
[Sender] Waiting for ACK...
[Sender] Waiting for ACK with timeout 8000ms...
[Receiver] Received packet from 127.0.0.1:8000
[Receiver] Verifying signature...
[Receiver] Signature verified.
[Receiver] Checking for duplicate message...
[Receiver] Message is not duplicated.
[Receiver] Sending ACK...
[Receiver] Sending ACK to 127.0.0.1:8000
[Receiver] Processing message: TestMessage::jSyjvjCXifDW/yMWXGbOGVMKu7/ZVAugHDSoHkZQLABzeIV1GvIb5EELtA2Hnubhw8KQn2dBmC20iShPKjpwQKplSm9Q5JvHyw37kvIQmgu0XRO0rMNIpFcKeGIpkKI3e3xbZQ65rUZLRyTmjsVS09mfRTLkLe9ZR+rpj4CiqKxpg5eWltnkCwfviJZF5+67F4lDI3+dVTHLFjMoEKlpQnyIojQDRighHpBk6l+c5mZPDQ7kqwh0lsIFbzD+kzjsRO79cVodF2EZ8cBK/0EpG4/iFfnZgxkM8F41mpTZ2ya2YYmjpJTkuk89Oj1I6NVO65Nf62UKcztbzzL3QFsz9A==
[Sender] ACK received.
[Sender] Received ACK from 127.0.0.1:8000
[Sender] Message sent successfully.
[server0] Waiting for leader's decision...
[Receiver] Waiting for packet...
[Collector] Message collected for condition: VALUE
[Leader] Appended value to blockchain: TestMessage (timestamp: 1)
[Leader] Broadcasting decision: TestMessage
[Sender] Preparing message: DECIDE::TestMessage::1
[Sender] Signing message...
[Sender] Sending message to 127.0.0.1:8000
[Sender] Waiting for ACK...
[Sender] Waiting for ACK with timeout 8000ms...
[Receiver] Received packet from 127.0.0.1:8000
[Receiver] Verifying signature...
[Receiver] Signature verified.
[Receiver] Checking for duplicate message...
[Receiver] Message is not duplicated.
[Receiver] Sending ACK...
[Receiver] Sending ACK to 127.0.0.1:8000
[Receiver] Processing message: DECIDE::TestMessage::1
[Sender] ACK received.
[Sender] Received ACK from 127.0.0.1:8000
[Sender] Message sent successfully.
[server0] Received decision from leader: TestMessage

[Final Results]
Leader blockchain: [TestMessage]
Server0 blockchain: [TestMessage]
]]></system-out>
  </testcase>
</testsuite>